{
  "RSpec": {
    "coverage": {
      "/home/jagdish/rails_apps/deqode_project/lib/json_web_token.rb": {
        "lines": [
          1,
          1,
          null,
          1,
          35,
          35,
          null,
          null,
          1,
          32,
          32,
          null,
          null
        ]
      },
      "/home/jagdish/rails_apps/deqode_project/app/controllers/categories_controller.rb": {
        "lines": [
          1,
          1,
          1,
          null,
          1,
          2,
          2,
          null,
          null,
          1,
          2,
          null,
          null,
          1,
          3,
          3,
          2,
          null,
          1,
          null,
          null,
          null,
          null,
          1,
          2,
          1,
          null,
          null,
          null,
          null,
          1,
          2,
          2,
          null,
          0,
          null,
          null,
          null,
          1,
          1,
          7,
          null,
          1,
          null,
          null,
          1,
          5,
          null,
          null
        ]
      },
      "/home/jagdish/rails_apps/deqode_project/app/controllers/application_controller.rb": {
        "lines": [
          1,
          1,
          null,
          1,
          0,
          null,
          null,
          1,
          32,
          null,
          32,
          null,
          32,
          32,
          0,
          0,
          null,
          0,
          null,
          null,
          null,
          null
        ]
      },
      "/home/jagdish/rails_apps/deqode_project/app/controllers/products_controller.rb": {
        "lines": [
          1,
          1,
          1,
          null,
          1,
          1,
          1,
          null,
          null,
          1,
          1,
          null,
          null,
          1,
          2,
          2,
          1,
          null,
          1,
          null,
          null,
          null,
          null,
          1,
          2,
          1,
          null,
          null,
          1,
          null,
          null,
          null,
          1,
          1,
          1,
          null,
          0,
          null,
          null,
          null,
          1,
          1,
          4,
          null,
          0,
          null,
          null,
          1,
          4,
          null,
          null
        ]
      },
      "/home/jagdish/rails_apps/deqode_project/app/controllers/sub_categories_controller.rb": {
        "lines": [
          1,
          1,
          1,
          null,
          1,
          3,
          2,
          2,
          null,
          1,
          null,
          null,
          1,
          2,
          null,
          null,
          1,
          3,
          3,
          3,
          2,
          null,
          1,
          null,
          null,
          null,
          null,
          1,
          5,
          2,
          null,
          null,
          3,
          null,
          null,
          null,
          1,
          2,
          2,
          null,
          0,
          null,
          null,
          null,
          1,
          1,
          10,
          10,
          null,
          1,
          null,
          null,
          1,
          8,
          null,
          null
        ]
      },
      "/home/jagdish/rails_apps/deqode_project/app/controllers/users_controller.rb": {
        "lines": [
          1,
          1,
          1,
          null,
          1,
          1,
          1,
          null,
          null,
          1,
          2,
          null,
          null,
          1,
          3,
          3,
          2,
          null,
          1,
          null,
          null,
          null,
          null,
          1,
          2,
          1,
          null,
          null,
          null,
          null,
          1,
          1,
          null,
          null,
          1,
          1,
          6,
          null,
          1,
          null,
          null,
          1,
          5,
          null,
          null
        ]
      },
      "/home/jagdish/rails_apps/deqode_project/app/models/category.rb": {
        "lines": [
          1,
          null,
          1,
          1,
          null,
          1,
          null,
          null
        ]
      },
      "/home/jagdish/rails_apps/deqode_project/app/models/application_record.rb": {
        "lines": [
          1,
          1,
          null
        ]
      },
      "/home/jagdish/rails_apps/deqode_project/app/models/product.rb": {
        "lines": [
          1,
          1,
          1,
          null,
          1,
          1,
          1,
          null
        ]
      },
      "/home/jagdish/rails_apps/deqode_project/app/models/sub_category.rb": {
        "lines": [
          1,
          null,
          1,
          1,
          null,
          1,
          null,
          null
        ]
      },
      "/home/jagdish/rails_apps/deqode_project/app/models/user.rb": {
        "lines": [
          1,
          1,
          null,
          1,
          null,
          1,
          1,
          45,
          null
        ]
      },
      "/home/jagdish/rails_apps/deqode_project/app/serializers/category_serializer.rb": {
        "lines": [
          1,
          1,
          null
        ]
      },
      "/home/jagdish/rails_apps/deqode_project/app/serializers/product_serializer.rb": {
        "lines": [
          1,
          1,
          null,
          1,
          1,
          null,
          1,
          2,
          null,
          null,
          1,
          2,
          null,
          null
        ]
      },
      "/home/jagdish/rails_apps/deqode_project/app/serializers/sub_category_serializer.rb": {
        "lines": [
          1,
          1,
          null,
          1,
          null,
          1,
          8,
          null,
          null,
          null
        ]
      },
      "/home/jagdish/rails_apps/deqode_project/app/serializers/user_serializer.rb": {
        "lines": [
          1,
          1,
          null
        ]
      },
      "/home/jagdish/rails_apps/deqode_project/app/channels/application_cable/channel.rb": {
        "lines": [
          0,
          0,
          0,
          0
        ],
        "branches": {
        }
      },
      "/home/jagdish/rails_apps/deqode_project/app/channels/application_cable/connection.rb": {
        "lines": [
          0,
          0,
          0,
          0
        ],
        "branches": {
        }
      },
      "/home/jagdish/rails_apps/deqode_project/app/controllers/authentication_controller.rb": {
        "lines": [
          0,
          0,
          null,
          0,
          0,
          0,
          0,
          0,
          0,
          0,
          0,
          0,
          0,
          0,
          null,
          0,
          null,
          0,
          0,
          0,
          0
        ],
        "branches": {
        }
      },
      "/home/jagdish/rails_apps/deqode_project/app/jobs/application_job.rb": {
        "lines": [
          0,
          null,
          null,
          null,
          null,
          null,
          0
        ],
        "branches": {
        }
      },
      "/home/jagdish/rails_apps/deqode_project/app/mailers/application_mailer.rb": {
        "lines": [
          0,
          0,
          0,
          0
        ],
        "branches": {
        }
      }
    },
    "timestamp": 1691138399
  }
}
